0 info it worked if it ends with ok
1 verbose cli [ '/usr/local/Cellar/node/0.10.25/bin/node',
1 verbose cli   '/usr/local/bin/npm',
1 verbose cli   'version',
1 verbose cli   '0.0.2' ]
2 info using npm@1.3.24
3 info using node@v0.10.25
4 error Error: Git working directory not clean.
4 error M bin/enchup
4 error M package.json
4 error     at /usr/local/Cellar/node/0.10.25/lib/node_modules/npm/lib/version.js:98:35
4 error     at ChildProcess.exithandler (child_process.js:635:7)
4 error     at ChildProcess.EventEmitter.emit (events.js:98:17)
4 error     at maybeClose (child_process.js:743:16)
4 error     at Socket.<anonymous> (child_process.js:956:11)
4 error     at Socket.EventEmitter.emit (events.js:95:17)
4 error     at Pipe.close (net.js:466:12)
5 error If you need help, you may report this *entire* log,
5 error including the npm and node versions, at:
5 error     <http://github.com/isaacs/npm/issues>
6 error System Darwin 13.2.0
7 error command "/usr/local/Cellar/node/0.10.25/bin/node" "/usr/local/bin/npm" "version" "0.0.2"
8 error cwd /Users/letmetouchyou/Develop/Apps/JS/eva/enchup
9 error node -v v0.10.25
10 error npm -v 1.3.24
11 verbose exit [ 1, true ]
